2024-08-18T14:59:21.884Z    +58ms [debug] Config loaded {"version":"2.43.5","cdkVersion":"2.142.1","constructsVersion":"10.3.0","config":{"name":"ai-arena-frontend","region":"eu-central-1","stage":"dev","ssmPrefix":"/sst/ai-arena-frontend/dev/"},"metafile":{"inputs":{"sst.config.ts":{"bytes":265,"imports":[{"path":"sst","kind":"import-statement","external":true},{"path":"stacks/ApiStack","kind":"import-statement","external":true},{"path":"stacks/WebStack","kind":"import-statement","external":true}],"format":"esm"}},"outputs":{".sst.config.1723993161842.mjs":{"imports":[],"exports":["default"],"entryPoint":"sst.config.ts","inputs":{"sst.config.ts":{"bytesInOutput":135}},"bytes":317}}},"paths":{"config":"/root/_programming/webprojects/ai-arena-frontend/sst.config.ts","root":"/root/_programming/webprojects/ai-arena-frontend","out":"/root/_programming/webprojects/ai-arena-frontend/.sst","artifacts":"/root/_programming/webprojects/ai-arena-frontend/.sst/artifacts"}}
2024-08-18T14:59:22.364Z   +480ms [debug] dev is ready
2024-08-18T14:59:22.372Z     +8ms [debug] Using AWS profile 
2024-08-18T14:59:22.375Z     +3ms [debug] Created AWS client IoTClient
2024-08-18T14:59:22.375Z     +0ms [debug] Getting IoT endpoint
2024-08-18T14:59:22.398Z    +23ms [debug] Fetching all metadata
2024-08-18T14:59:22.398Z     +0ms [debug] Initializing bootstrap context
2024-08-18T14:59:22.398Z     +0ms [debug] Created AWS client CloudFormationClient
2024-08-18T14:59:22.413Z    +15ms [debug] Created AWS client RDSDataClient
2024-08-18T14:59:22.848Z   +435ms [debug] [kysely-codegen] Loaded kyseley type generator
2024-08-18T14:59:22.855Z     +7ms [debug] Using IoT endpoint: a1x78c8xfdz1uc-ats.iot.eu-central-1.amazonaws.com
2024-08-18T14:59:22.863Z     +8ms [debug] Loaded bootstrap status
2024-08-18T14:59:22.863Z     +0ms [debug] Bootstrap context initialized {"status":"ready","version":"7.3","bucket":"sstbootstrap-eucentral134f82fae-1jt3qw56bbaxs"}
2024-08-18T14:59:22.865Z     +2ms [debug] Created AWS client S3Client
2024-08-18T14:59:22.890Z    +25ms [debug] Publishing event {"type":"cli.dev","properties":{"stage":"dev","app":"ai-arena-frontend"},"sourceID":"1cc04f6003599f85d25140b055344546"}
2024-08-18T14:59:22.891Z     +1ms [debug] Encoded iot message into 1 parts
2024-08-18T14:59:23.252Z   +361ms [debug] Publishing event {"type":"file.changed","properties":{"file":"/root/_programming/webprojects/ai-arena-frontend/packages/web/.next/react-loadable-manifest.json","relative":"packages/web/2024-08-18T14:59:24.028Z  +3380ms [debug] Publishing event {"type":"cli.dev","properties":{"stage":"dev","app":"ai-arena-frontend"},"sourceID":"ba2cde515dba420420eb91d64aa65e50"}
{"file":"/root/_programming/webprojects/ai-arena-frontend/packages/web/.next/build-manifest.json","relative":"packages/web/.next/build-manifest.json"},"sourceID":"1cc04f6003599f85d25140b055344546"}
2024-08-18T14:59:23.252Z     +0ms [debug] Publishing event {"type":"file.changed","properties":{"file":"/root/_programming/webprojects/ai-arena-frontend/packages/web/.next/server/middleware-react-loadable-manifest.js","relative":"packages/web/.next/server/middleware-react-loadable-manifest.js"},"sourceID":"1cc04f6003599f85d25140b055344546"}
2024-08-18T14:59:23.252Z     +0ms [debug] Publishing event {"type":"file.changed","properties":{"file":"/root/_programming/webprojects/ai-arena-frontend/packages/web/.next/app-build-manifest.json","relative":"packages/web/.next/app-build-manifest.json"},"sourceID":"1cc04f6003599f85d25140b055344546"}
2024-08-18T14:59:23.252Z     +0ms [debug] Publishing event {"type":"file.changed","properties":{"file":"/root/_programming/webprojects/ai-arena-frontend/packages/web/.next/server/middleware-build-manifest.js","relative":"packages/web/.next/server/middleware-build-manifest.js"},"sourceID":"1cc04f6003599f85d25140b055344546"}
2024-08-18T14:59:23.252Z     +0ms [debug] Publishing event {"type":"file.changed","properties":{"file":"/root/_programming/webprojects/ai-arena-frontend/packages/web/.next/static/development/_ssgManifest.js","relative":"packages/web/.next/static/development/_ssgManifest.js"},"sourceID":"1cc04f6003599f85d25140b055344546"}
2024-08-18T14:59:23.252Z     +0ms [debug] Publishing event {"type":"file.changed","properties":{"file":"/root/_programming/webprojects/ai-arena-frontend/packages/web/.next/static/development/_buildManifest.js","relative":"packages/web/.next/static/development/_buildManifest.js"},"sourceID":"1cc04f6003599f85d25140b055344546"}
2024-08-18T14:59:23.252Z     +0ms [debug] Publishing event {"type":"file.changed","properties":{"file":"/root/_programming/webprojects/ai-arena-frontend/packages/web/.next/server/next-font-manifest.js","relative":"packages/web/.next/server/next-font-manifest.js"},"sourceID":"1cc04f6003599f85d25140b055344546"}
2024-08-18T14:59:23.252Z     +0ms [debug] Publishing event {"type":"file.changed","properties":{"file":"/root/_programming/webprojects/ai-arena-frontend/packages/web/.next/server/next-font-manifest.json","relative":"packages/web/.next/server/next-font-manifest.json"},"sourceID":"1cc04f6003599f85d25140b055344546"}
2024-08-18T14:59:23.252Z     +0ms [debug] Publishing event {"type":"file.changed","properties":{"file":"/root/_programming/webprojects/ai-arena-frontend/packages/web/.next/server/client-reference-manifest.js","relative":"packages/web/.next/server/client-reference-manifest.js"},"sourceID":"1cc04f6003599f85d25140b055344546"}
2024-08-18T14:59:23.252Z     +0ms [debug] Publishing event {"type":"file.changed","properties":{"file":"/root/_programming/webprojects/ai-arena-frontend/packages/web/.next/server/client-reference-manifest.json","relative":"packages/web/.next/server/client-reference-manifest.json"},"sourceID":"1cc04f6003599f85d25140b055344546"}
2024-08-18T14:59:23.252Z     +0ms [debug] Publishing event {"type":"file.changed","properties":{"file":"/root/_programming/webprojects/ai-arena-frontend/packages/web/.next/server/pages-manifest.json","relative":"packages/web/.next/server/pages-manifest.json"},"sourceID":"1cc04f6003599f85d25140b055344546"}
2024-08-18T14:59:23.252Z     +0ms [debug] Publishing event {"type":"file.changed","properties":{"file":"/root/_programming/webprojects/ai-arena-frontend/packages/web/.next/server/app-paths-manifest.json","relative":"packages/web/.next/server/app-paths-manifest.json"},"sourceID":"1cc04f6003599f85d25140b055344546"}
2024-08-18T14:59:23.252Z     +0ms [debug] Publishing event {"type":"file.changed","properties":{"file":"/root/_programming/webprojects/ai-arena-frontend/packages/web/.next/server/server-reference-manifest.js","relative":"packages/web/.next/server/server-reference-manifest.js"},"sourceID":"1cc04f6003599f85d25140b055344546"}
2024-08-18T14:59:23.252Z     +0ms [debug] Publishing event {"type":"file.changed","properties":{"file":"/root/_programming/webprojects/ai-arena-frontend/packages/web/.next/server/server-reference-manifest.json","relative":"packages/web/.next/server/server-reference-manifest.json"},"sourceID":"1cc04f6003599f85d25140b055344546"}
2024-08-18T14:59:23.252Z     +0ms [debug] Publishing event {"type":"file.changed","properties":{"file":"/root/_programming/webprojects/ai-arena-frontend/packages/web/.next/types/package.json","relative":"packages/web/.next/types/package.json"},"sourceID":"1cc04f6003599f85d25140b055344546"}
2024-08-18T14:59:23.252Z     +0ms [debug] Publishing event {"type":"file.changed","properties":{"file":"/root/_programming/webprojects/ai-arena-frontend/packages/web/.next/server/middleware-manifest.json","relative":"packages/web/.next/server/middleware-manifest.json"},"sourceID":"1cc04f6003599f85d25140b055344546"}
2024-08-18T14:59:23.252Z     +0ms [debug] Publishing event {"type":"file.changed","properties":{"file":"/root/_programming/webprojects/ai-arena-frontend/packages/web/.next/trace","relative":"packages/web/.next/trace"},"sourceID":"1cc04f6003599f85d25140b055344546"}
2024-08-18T14:59:23.261Z     +9ms [debug] Synthesizing stacks...
2024-08-18T14:59:23.267Z     +6ms [debug] Created AWS client STSClient
2024-08-18T14:59:23.311Z    +44ms [debug] IoT connected
2024-08-18T14:59:23.371Z    +60ms [debug] Using identity Account: 171376673452 User: AIDASPZWYQKWMDJARFCQG
2024-08-18T14:59:23.373Z     +2ms [debug] Generating types in /root/_programming/webprojects/ai-arena-frontend/.sst/types
2024-08-18T14:59:23.550Z   +177ms [debug] Running 3 deferred tasks with concurrency: 23
2024-08-18T14:59:23.706Z   +156ms [debug] 
2024-08-18T14:59:23.706Z     +0ms [debug] Loading v2 AWS SDK
2024-08-18T14:59:23.706Z     +0ms [debug] Finished synthesizing
2024-08-18T14:59:23.706Z     +0ms [debug] Directory /root/_programming/webprojects/ai-arena-frontend/.sst/dist
2024-08-18T14:59:23.708Z     +2ms [debug] Fetched metadata from 2 stacks
2024-08-18T14:59:23.709Z     +1ms [debug] Checksum next d6df36d0042d3c8295eb43fecb8f9fa3988c976f097c040819e413d52632c7d2 old 
2024-08-18T14:59:23.710Z     +1ms [debug] Fetching app metadata
2024-08-18T14:59:23.864Z   +154ms [debug] Deploying stacks ["dev-ai-arena-frontend-ApiStack","dev-ai-arena-frontend-WebStack"]
2024-08-18T14:59:23.866Z     +2ms [debug] Checking if dev-ai-arena-frontend-ApiStack is ready to deploy
2024-08-18T14:59:23.866Z     +0ms [debug] Deploying stack dev-ai-arena-frontend-ApiStack
2024-08-18T14:59:23.866Z     +0ms [debug] Checking if dev-ai-arena-frontend-WebStack is ready to deploy
2024-08-18T14:59:23.974Z   +108ms [debug] Publishing event {"type":"stack.status","properties":{"stackID":"dev-ai-arena-frontend-ApiStack","status":"PUBLISH_ASSETS_IN_PROGRESS"},"sourceID":"1cc04f6003599f85d25140b055344546"}
2024-08-18T14:59:23.992Z    +18ms [debug] IOT Published /sst/ai-arena-frontend/dev/events cli.dev
2024-08-18T14:59:25.196Z  +1204ms [debug] Publishing event {"type":"stack.status","properties":{"stackID":"dev-ai-arena-frontend-ApiStack","status":"SKIPPED"},"sourceID":"1cc04f6003599f85d25140b055344546"}
2024-08-18T14:59:25.197Z     +1ms [debug] Checking if dev-ai-arena-frontend-WebStack is ready to deploy
2024-08-18T14:59:25.197Z     +0ms [debug] Deploying stack dev-ai-arena-frontend-WebStack
2024-08-18T14:59:25.258Z    +61ms [debug] Publishing event {"type":"stack.status","properties":{"stackID":"dev-ai-arena-frontend-WebStack","status":"PUBLISH_ASSETS_IN_PROGRESS"},"sourceID":"1cc04f6003599f85d25140b055344546"}
2024-08-18T14:59:25.962Z   +704ms [debug] Publishing event {"type":"stack.status","properties":{"stackID":"dev-ai-arena-frontend-WebStack","status":"SKIPPED"},"sourceID":"1cc04f6003599f85d25140b055344546"}
2024-08-18T14:59:25.965Z     +3ms [debug] Saving app metadata
